0 info it worked if it ends with ok
1 verbose cli [ 'C:\\Program Files\\nodejs\\node.exe',
1 verbose cli   'C:\\Users\\WeBuy\\AppData\\Roaming\\npm\\node_modules\\npm\\bin\\npm-cli.js',
1 verbose cli   'start' ]
2 info using npm@4.1.1
3 info using node@v8.9.2
4 verbose run-script [ 'prestart', 'start', 'poststart' ]
5 info lifecycle building-services@1.0.0~prestart: building-services@1.0.0
6 silly lifecycle building-services@1.0.0~prestart: no script for prestart, continuing
7 info lifecycle building-services@1.0.0~start: building-services@1.0.0
8 verbose lifecycle building-services@1.0.0~start: unsafe-perm in lifecycle true
9 verbose lifecycle building-services@1.0.0~start: PATH: C:\Users\WeBuy\AppData\Roaming\npm\node_modules\npm\bin\node-gyp-bin;C:\Users\WeBuy\Desktop\Projects\building-services\node_modules\.bin;C:\ProgramData\Oracle\Java\javapath;C:\Windows\system32;C:\Windows;C:\Windows\System32\Wbem;C:\Windows\System32\WindowsPowerShell\v1.0\;C:\Program Files (x86)\NVIDIA Corporation\PhysX\Common;C:\WINDOWS\system32;C:\WINDOWS;C:\WINDOWS\System32\Wbem;C:\WINDOWS\System32\WindowsPowerShell\v1.0\;C:\Program Files\MongoDB\Server\3.4;C:\Program Files\Git\cmd;C:\Program Files (x86)\Skype\Phone\;C:\Program Files\MySQL\MySQL Utilities 1.6\;C:\Program Files\nodejs\;C:\Ruby24-x64\bin;C:\Program Files (x86)\Java\jre1.8.0_101\bin;C:\Users\WeBuy\AppData\Local\Microsoft\WindowsApps;C:\Program Files\MongoDB\Server\3.4;C:\Program Files\Heroku\bin;C:\Program Files\Microsoft VS Code\bin;C:\Users\WeBuy\AppData\Roaming\npm;
10 verbose lifecycle building-services@1.0.0~start: CWD: C:\Users\WeBuy\Desktop\Projects\building-services
11 silly lifecycle building-services@1.0.0~start: Args: [ '/d /s /c', 'run-script-os' ]
12 verbose stack Error: kill ENOSYS
12 verbose stack     at Object._errnoException (util.js:1024:11)
12 verbose stack     at process.kill (internal/process.js:183:18)
12 verbose stack     at process.listener (C:\Users\WeBuy\AppData\Roaming\npm\node_modules\npm\node_modules\npmlog\node_modules\gauge\node_modules\signal-exit\index.js:95:15)
12 verbose stack     at emitNone (events.js:106:13)
12 verbose stack     at process.emit (events.js:208:7)
12 verbose stack     at processEmit (C:\Users\WeBuy\AppData\Roaming\npm\node_modules\npm\node_modules\npmlog\node_modules\gauge\node_modules\signal-exit\index.js:155:32)
12 verbose stack     at Signal.wrap.onsignal (internal/process.js:208:44)
13 verbose cwd C:\Users\WeBuy\Desktop\Projects\building-services
14 error Windows_NT 10.0.16299
15 error argv "C:\\Program Files\\nodejs\\node.exe" "C:\\Users\\WeBuy\\AppData\\Roaming\\npm\\node_modules\\npm\\bin\\npm-cli.js" "start"
16 error node v8.9.2
17 error npm  v4.1.1
18 error code ENOSYS
19 error errno ENOSYS
20 error syscall kill
21 error kill ENOSYS
22 error If you need help, you may report this error at:
22 error     <https://github.com/npm/npm/issues>
23 verbose exit [ 1, true ]
